<?xml version="1.0" encoding="UTF-8"?>
<coverage generated="1536047079304" clover="3.2.0">
  <project timestamp="1536047079304" name="All files">
    <metrics statements="118" coveredstatements="104" conditionals="62" coveredconditionals="52" methods="65" coveredmethods="48" elements="245" coveredelements="204" complexity="0" loc="118" ncloc="118" packages="6" files="17" classes="17">
      <package name="actions">
        <metrics statements="16" coveredstatements="16" conditionals="7" coveredconditionals="0" methods="8" coveredmethods="8"/>
        <file name="expenses.js" path="D:\github\expensive-app\src\actions\expenses.js">
          <metrics statements="6" coveredstatements="6" conditionals="6" coveredconditionals="0" methods="3" coveredmethods="3"/>
          <line num="4" count="3" type="stmt"/>
          <line num="12" count="1" type="stmt"/>
          <line num="25" count="3" type="cond" truecount="0" falsecount="1"/>
          <line num="26" count="1" type="stmt"/>
          <line num="33" count="3" type="stmt"/>
          <line num="34" count="1" type="stmt"/>
        </file>
        <file name="filters.js" path="D:\github\expensive-app\src\actions\filters.js">
          <metrics statements="10" coveredstatements="10" conditionals="1" coveredconditionals="0" methods="5" coveredmethods="5"/>
          <line num="2" count="3" type="cond" truecount="0" falsecount="1"/>
          <line num="3" count="1" type="stmt"/>
          <line num="10" count="3" type="stmt"/>
          <line num="11" count="1" type="stmt"/>
          <line num="17" count="3" type="stmt"/>
          <line num="18" count="1" type="stmt"/>
          <line num="24" count="3" type="stmt"/>
          <line num="25" count="1" type="stmt"/>
          <line num="32" count="3" type="stmt"/>
          <line num="33" count="1" type="stmt"/>
        </file>
      </package>
      <package name="components">
        <metrics statements="69" coveredstatements="55" conditionals="26" coveredconditionals="24" methods="50" coveredmethods="33"/>
        <file name="AddExpensePage.js" path="D:\github\expensive-app\src\components\AddExpensePage.js">
          <metrics statements="5" coveredstatements="4" conditionals="0" coveredconditionals="0" methods="4" coveredmethods="2"/>
          <line num="8" count="1" type="stmt"/>
          <line num="9" count="1" type="stmt"/>
          <line num="12" count="2" type="stmt"/>
          <line num="23" count="1" type="stmt"/>
          <line num="24" count="0" type="stmt"/>
        </file>
        <file name="EditExpensePage.js" path="D:\github\expensive-app\src\components\EditExpensePage.js">
          <metrics statements="11" coveredstatements="7" conditionals="0" coveredconditionals="0" methods="8" coveredmethods="3"/>
          <line num="9" count="1" type="stmt"/>
          <line num="10" count="1" type="stmt"/>
          <line num="14" count="1" type="stmt"/>
          <line num="15" count="1" type="stmt"/>
          <line num="19" count="3" type="stmt"/>
          <line num="31" count="1" type="stmt"/>
          <line num="32" count="0" type="stmt"/>
          <line num="33" count="0" type="stmt"/>
          <line num="37" count="1" type="stmt"/>
          <line num="38" count="0" type="stmt"/>
          <line num="39" count="0" type="stmt"/>
        </file>
        <file name="ExpenseDashboardPage.js" path="D:\github\expensive-app\src\components\ExpenseDashboardPage.js">
          <metrics statements="2" coveredstatements="2" conditionals="0" coveredconditionals="0" methods="1" coveredmethods="1"/>
          <line num="5" count="1" type="stmt"/>
          <line num="6" count="1" type="stmt"/>
        </file>
        <file name="ExpenseForm.js" path="D:\github\expensive-app\src\components\ExpenseForm.js">
          <metrics statements="19" coveredstatements="18" conditionals="20" coveredconditionals="19" methods="16" coveredmethods="15"/>
          <line num="9" count="10" type="stmt"/>
          <line num="11" count="10" type="stmt"/>
          <line num="22" count="1" type="stmt"/>
          <line num="23" count="1" type="stmt"/>
          <line num="26" count="1" type="stmt"/>
          <line num="27" count="1" type="stmt"/>
          <line num="30" count="2" type="stmt"/>
          <line num="31" count="2" type="cond" truecount="4" falsecount="0"/>
          <line num="32" count="1" type="stmt"/>
          <line num="36" count="1" type="cond" truecount="1" falsecount="1"/>
          <line num="37" count="1" type="stmt"/>
          <line num="41" count="1" type="stmt"/>
          <line num="44" count="2" type="stmt"/>
          <line num="45" count="2" type="cond" truecount="4" falsecount="0"/>
          <line num="46" count="1" type="stmt"/>
          <line num="48" count="1" type="stmt"/>
          <line num="49" count="1" type="stmt"/>
          <line num="59" count="17" type="stmt"/>
          <line num="73" count="0" type="stmt"/>
        </file>
        <file name="ExpenseList.js" path="D:\github\expensive-app\src\components\ExpenseList.js">
          <metrics statements="5" coveredstatements="4" conditionals="2" coveredconditionals="2" methods="3" coveredmethods="2"/>
          <line num="6" count="2" type="stmt"/>
          <line num="7" count="2" type="stmt"/>
          <line num="12" count="3" type="stmt"/>
          <line num="18" count="2" type="stmt"/>
          <line num="19" count="0" type="stmt"/>
        </file>
        <file name="ExpenseListFilters.js" path="D:\github\expensive-app\src\components\ExpenseListFilters.js">
          <metrics statements="21" coveredstatements="14" conditionals="4" coveredconditionals="3" methods="15" coveredmethods="7"/>
          <line num="9" count="7" type="stmt"/>
          <line num="10" count="7" type="stmt"/>
          <line num="16" count="1" type="stmt"/>
          <line num="17" count="1" type="stmt"/>
          <line num="21" count="1" type="stmt"/>
          <line num="25" count="1" type="stmt"/>
          <line num="29" count="2" type="stmt"/>
          <line num="30" count="2" type="cond" truecount="2" falsecount="0"/>
          <line num="31" count="1" type="stmt"/>
          <line num="32" count="1" type="cond" truecount="1" falsecount="1"/>
          <line num="33" count="1" type="stmt"/>
          <line num="39" count="9" type="stmt"/>
          <line num="56" count="0" type="stmt"/>
          <line num="63" count="2" type="stmt"/>
          <line num="64" count="0" type="stmt"/>
          <line num="69" count="2" type="stmt"/>
          <line num="70" count="0" type="stmt"/>
          <line num="71" count="0" type="stmt"/>
          <line num="72" count="0" type="stmt"/>
          <line num="73" count="0" type="stmt"/>
          <line num="74" count="0" type="stmt"/>
        </file>
        <file name="ExpenseListItem.js" path="D:\github\expensive-app\src\components\ExpenseListItem.js">
          <metrics statements="2" coveredstatements="2" conditionals="0" coveredconditionals="0" methods="1" coveredmethods="1"/>
          <line num="4" count="3" type="stmt"/>
          <line num="5" count="1" type="stmt"/>
        </file>
        <file name="Header.js" path="D:\github\expensive-app\src\components\Header.js">
          <metrics statements="2" coveredstatements="2" conditionals="0" coveredconditionals="0" methods="1" coveredmethods="1"/>
          <line num="4" count="1" type="stmt"/>
          <line num="5" count="1" type="stmt"/>
        </file>
        <file name="NotFoundPage.js" path="D:\github\expensive-app\src\components\NotFoundPage.js">
          <metrics statements="2" coveredstatements="2" conditionals="0" coveredconditionals="0" methods="1" coveredmethods="1"/>
          <line num="4" count="1" type="stmt"/>
          <line num="5" count="1" type="stmt"/>
        </file>
      </package>
      <package name="reducers">
        <metrics statements="19" coveredstatements="19" conditionals="14" coveredconditionals="14" methods="4" coveredmethods="4"/>
        <file name="expenses.js" path="D:\github\expensive-app\src\reducers\expenses.js">
          <metrics statements="10" coveredstatements="10" conditionals="7" coveredconditionals="7" methods="3" coveredmethods="3"/>
          <line num="3" count="1" type="stmt"/>
          <line num="5" count="1" type="cond" truecount="1" falsecount="0"/>
          <line num="6" count="6" type="cond" truecount="4" falsecount="0"/>
          <line num="8" count="1" type="stmt"/>
          <line num="13" count="6" type="stmt"/>
          <line num="15" count="2" type="stmt"/>
          <line num="17" count="6" type="cond" truecount="2" falsecount="0"/>
          <line num="19" count="1" type="stmt"/>
          <line num="24" count="5" type="stmt"/>
          <line num="28" count="1" type="stmt"/>
        </file>
        <file name="filters.js" path="D:\github\expensive-app\src\reducers\filters.js">
          <metrics statements="9" coveredstatements="9" conditionals="7" coveredconditionals="7" methods="1" coveredmethods="1"/>
          <line num="4" count="1" type="stmt"/>
          <line num="11" count="1" type="cond" truecount="1" falsecount="0"/>
          <line num="12" count="6" type="cond" truecount="6" falsecount="0"/>
          <line num="14" count="1" type="stmt"/>
          <line num="19" count="1" type="stmt"/>
          <line num="24" count="1" type="stmt"/>
          <line num="29" count="1" type="stmt"/>
          <line num="34" count="1" type="stmt"/>
          <line num="40" count="1" type="stmt"/>
        </file>
      </package>
      <package name="selectors">
        <metrics statements="10" coveredstatements="10" conditionals="15" coveredconditionals="14" methods="3" coveredmethods="3"/>
        <file name="expense.js" path="D:\github\expensive-app\src\selectors\expense.js">
          <metrics statements="10" coveredstatements="10" conditionals="15" coveredconditionals="14" methods="3" coveredmethods="3"/>
          <line num="5" count="5" type="stmt"/>
          <line num="6" count="15" type="stmt"/>
          <line num="7" count="15" type="cond" truecount="2" falsecount="0"/>
          <line num="8" count="15" type="cond" truecount="2" falsecount="0"/>
          <line num="9" count="15" type="stmt"/>
          <line num="11" count="15" type="cond" truecount="3" falsecount="0"/>
          <line num="13" count="9" type="cond" truecount="2" falsecount="0"/>
          <line num="14" count="6" type="cond" truecount="2" falsecount="0"/>
          <line num="15" count="3" type="cond" truecount="1" falsecount="1"/>
          <line num="16" count="3" type="cond" truecount="2" falsecount="0"/>
        </file>
      </package>
      <package name="tests">
        <metrics statements="1" coveredstatements="1" conditionals="0" coveredconditionals="0" methods="0" coveredmethods="0"/>
        <file name="setupTests.js" path="D:\github\expensive-app\src\tests\setupTests.js">
          <metrics statements="1" coveredstatements="1" conditionals="0" coveredconditionals="0" methods="0" coveredmethods="0"/>
          <line num="4" count="14" type="stmt"/>
        </file>
      </package>
      <package name="tests.fixtures">
        <metrics statements="3" coveredstatements="3" conditionals="0" coveredconditionals="0" methods="0" coveredmethods="0"/>
        <file name="expenses.js" path="D:\github\expensive-app\src\tests\fixtures\expenses.js">
          <metrics statements="1" coveredstatements="1" conditionals="0" coveredconditionals="0" methods="0" coveredmethods="0"/>
          <line num="3" count="7" type="stmt"/>
        </file>
        <file name="filters.js" path="D:\github\expensive-app\src\tests\fixtures\filters.js">
          <metrics statements="2" coveredstatements="2" conditionals="0" coveredconditionals="0" methods="0" coveredmethods="0"/>
          <line num="3" count="1" type="stmt"/>
          <line num="10" count="1" type="stmt"/>
        </file>
      </package>
    </metrics>
  </project>
</coverage>
