{"D:\\github\\expensive-app\\src\\actions\\auth.js": {"path":"D:\\github\\expensive-app\\src\\actions\\auth.js","statementMap":{"0":{"start":{"line":3,"column":21},"end":{"line":6,"column":2}},"1":{"start":{"line":3,"column":31},"end":{"line":6,"column":1}},"2":{"start":{"line":8,"column":26},"end":{"line":12,"column":1}},"3":{"start":{"line":9,"column":4},"end":{"line":11,"column":6}},"4":{"start":{"line":10,"column":8},"end":{"line":10,"column":67}},"5":{"start":{"line":14,"column":22},"end":{"line":16,"column":2}},"6":{"start":{"line":14,"column":29},"end":{"line":16,"column":1}},"7":{"start":{"line":18,"column":27},"end":{"line":22,"column":1}},"8":{"start":{"line":19,"column":4},"end":{"line":21,"column":6}},"9":{"start":{"line":20,"column":8},"end":{"line":20,"column":41}}},"fnMap":{"0":{"name":"(anonymous_0)","decl":{"start":{"line":3,"column":21},"end":{"line":3,"column":22}},"loc":{"start":{"line":3,"column":31},"end":{"line":6,"column":1}},"line":3},"1":{"name":"(anonymous_1)","decl":{"start":{"line":8,"column":26},"end":{"line":8,"column":27}},"loc":{"start":{"line":8,"column":32},"end":{"line":12,"column":1}},"line":8},"2":{"name":"(anonymous_2)","decl":{"start":{"line":9,"column":11},"end":{"line":9,"column":12}},"loc":{"start":{"line":9,"column":17},"end":{"line":11,"column":5}},"line":9},"3":{"name":"(anonymous_3)","decl":{"start":{"line":14,"column":22},"end":{"line":14,"column":23}},"loc":{"start":{"line":14,"column":29},"end":{"line":16,"column":1}},"line":14},"4":{"name":"(anonymous_4)","decl":{"start":{"line":18,"column":27},"end":{"line":18,"column":28}},"loc":{"start":{"line":18,"column":33},"end":{"line":22,"column":1}},"line":18},"5":{"name":"(anonymous_5)","decl":{"start":{"line":19,"column":11},"end":{"line":19,"column":12}},"loc":{"start":{"line":19,"column":17},"end":{"line":21,"column":5}},"line":19}},"branchMap":{},"s":{"0":3,"1":1,"2":3,"3":0,"4":0,"5":3,"6":1,"7":3,"8":0,"9":0},"f":{"0":1,"1":0,"2":0,"3":1,"4":0,"5":0},"b":{},"_coverageSchema":"332fd63041d2c1bcb487cc26dd0d5f7d97098a6c","hash":"0ba6e0158102f455decf7b0bc6de0042ce0a7f58"}
,"D:\\github\\expensive-app\\src\\actions\\expenses.js": {"path":"D:\\github\\expensive-app\\src\\actions\\expenses.js","statementMap":{"0":{"start":{"line":5,"column":26},"end":{"line":10,"column":1}},"1":{"start":{"line":6,"column":4},"end":{"line":9,"column":5}},"2":{"start":{"line":12,"column":31},"end":{"line":34,"column":1}},"3":{"start":{"line":13,"column":4},"end":{"line":33,"column":6}},"4":{"start":{"line":14,"column":20},"end":{"line":14,"column":39}},"5":{"start":{"line":20,"column":12},"end":{"line":20,"column":23}},"6":{"start":{"line":21,"column":24},"end":{"line":26,"column":9}},"7":{"start":{"line":27,"column":8},"end":{"line":32,"column":11}},"8":{"start":{"line":28,"column":12},"end":{"line":31,"column":16}},"9":{"start":{"line":37,"column":29},"end":{"line":42,"column":1}},"10":{"start":{"line":38,"column":4},"end":{"line":41,"column":5}},"11":{"start":{"line":45,"column":34},"end":{"line":54,"column":1}},"12":{"start":{"line":46,"column":4},"end":{"line":53,"column":6}},"13":{"start":{"line":47,"column":20},"end":{"line":47,"column":39}},"14":{"start":{"line":48,"column":24},"end":{"line":48,"column":26}},"15":{"start":{"line":49,"column":8},"end":{"line":49,"column":54}},"16":{"start":{"line":50,"column":8},"end":{"line":52,"column":11}},"17":{"start":{"line":51,"column":12},"end":{"line":51,"column":44}},"18":{"start":{"line":57,"column":27},"end":{"line":63,"column":1}},"19":{"start":{"line":58,"column":4},"end":{"line":62,"column":5}},"20":{"start":{"line":66,"column":32},"end":{"line":73,"column":1}},"21":{"start":{"line":67,"column":4},"end":{"line":72,"column":6}},"22":{"start":{"line":68,"column":20},"end":{"line":68,"column":39}},"23":{"start":{"line":69,"column":8},"end":{"line":71,"column":11}},"24":{"start":{"line":70,"column":12},"end":{"line":70,"column":47}},"25":{"start":{"line":76,"column":27},"end":{"line":79,"column":2}},"26":{"start":{"line":76,"column":42},"end":{"line":79,"column":1}},"27":{"start":{"line":81,"column":32},"end":{"line":95,"column":1}},"28":{"start":{"line":82,"column":4},"end":{"line":94,"column":6}},"29":{"start":{"line":83,"column":20},"end":{"line":83,"column":39}},"30":{"start":{"line":84,"column":8},"end":{"line":93,"column":11}},"31":{"start":{"line":85,"column":33},"end":{"line":85,"column":35}},"32":{"start":{"line":86,"column":12},"end":{"line":91,"column":15}},"33":{"start":{"line":87,"column":16},"end":{"line":90,"column":18}},"34":{"start":{"line":92,"column":12},"end":{"line":92,"column":48}}},"fnMap":{"0":{"name":"(anonymous_0)","decl":{"start":{"line":5,"column":26},"end":{"line":5,"column":27}},"loc":{"start":{"line":6,"column":4},"end":{"line":9,"column":5}},"line":6},"1":{"name":"(anonymous_1)","decl":{"start":{"line":12,"column":31},"end":{"line":12,"column":32}},"loc":{"start":{"line":12,"column":53},"end":{"line":34,"column":1}},"line":12},"2":{"name":"(anonymous_2)","decl":{"start":{"line":13,"column":11},"end":{"line":13,"column":12}},"loc":{"start":{"line":13,"column":35},"end":{"line":33,"column":5}},"line":13},"3":{"name":"(anonymous_3)","decl":{"start":{"line":27,"column":72},"end":{"line":27,"column":73}},"loc":{"start":{"line":27,"column":81},"end":{"line":32,"column":9}},"line":27},"4":{"name":"(anonymous_4)","decl":{"start":{"line":37,"column":29},"end":{"line":37,"column":30}},"loc":{"start":{"line":38,"column":4},"end":{"line":41,"column":5}},"line":38},"5":{"name":"(anonymous_5)","decl":{"start":{"line":45,"column":34},"end":{"line":45,"column":35}},"loc":{"start":{"line":45,"column":51},"end":{"line":54,"column":1}},"line":45},"6":{"name":"(anonymous_6)","decl":{"start":{"line":46,"column":11},"end":{"line":46,"column":12}},"loc":{"start":{"line":46,"column":35},"end":{"line":53,"column":5}},"line":46},"7":{"name":"(anonymous_7)","decl":{"start":{"line":50,"column":51},"end":{"line":50,"column":52}},"loc":{"start":{"line":50,"column":57},"end":{"line":52,"column":9}},"line":50},"8":{"name":"(anonymous_8)","decl":{"start":{"line":57,"column":27},"end":{"line":57,"column":28}},"loc":{"start":{"line":58,"column":4},"end":{"line":62,"column":5}},"line":58},"9":{"name":"(anonymous_9)","decl":{"start":{"line":66,"column":32},"end":{"line":66,"column":33}},"loc":{"start":{"line":66,"column":49},"end":{"line":73,"column":1}},"line":66},"10":{"name":"(anonymous_10)","decl":{"start":{"line":67,"column":11},"end":{"line":67,"column":12}},"loc":{"start":{"line":67,"column":35},"end":{"line":72,"column":5}},"line":67},"11":{"name":"(anonymous_11)","decl":{"start":{"line":69,"column":80},"end":{"line":69,"column":81}},"loc":{"start":{"line":69,"column":86},"end":{"line":71,"column":9}},"line":69},"12":{"name":"(anonymous_12)","decl":{"start":{"line":76,"column":27},"end":{"line":76,"column":28}},"loc":{"start":{"line":76,"column":42},"end":{"line":79,"column":1}},"line":76},"13":{"name":"(anonymous_13)","decl":{"start":{"line":81,"column":32},"end":{"line":81,"column":33}},"loc":{"start":{"line":81,"column":38},"end":{"line":95,"column":1}},"line":81},"14":{"name":"(anonymous_14)","decl":{"start":{"line":82,"column":11},"end":{"line":82,"column":12}},"loc":{"start":{"line":82,"column":35},"end":{"line":94,"column":5}},"line":82},"15":{"name":"(anonymous_15)","decl":{"start":{"line":84,"column":72},"end":{"line":84,"column":73}},"loc":{"start":{"line":84,"column":86},"end":{"line":93,"column":9}},"line":84},"16":{"name":"(anonymous_16)","decl":{"start":{"line":86,"column":29},"end":{"line":86,"column":30}},"loc":{"start":{"line":86,"column":48},"end":{"line":91,"column":13}},"line":86}},"branchMap":{"0":{"loc":{"start":{"line":12,"column":32},"end":{"line":12,"column":48}},"type":"default-arg","locations":[{"start":{"line":12,"column":46},"end":{"line":12,"column":48}}],"line":12},"1":{"loc":{"start":{"line":16,"column":12},"end":{"line":16,"column":28}},"type":"default-arg","locations":[{"start":{"line":16,"column":26},"end":{"line":16,"column":28}}],"line":16},"2":{"loc":{"start":{"line":17,"column":12},"end":{"line":17,"column":21}},"type":"default-arg","locations":[{"start":{"line":17,"column":19},"end":{"line":17,"column":21}}],"line":17},"3":{"loc":{"start":{"line":18,"column":12},"end":{"line":18,"column":22}},"type":"default-arg","locations":[{"start":{"line":18,"column":21},"end":{"line":18,"column":22}}],"line":18},"4":{"loc":{"start":{"line":19,"column":12},"end":{"line":19,"column":25}},"type":"default-arg","locations":[{"start":{"line":19,"column":24},"end":{"line":19,"column":25}}],"line":19},"5":{"loc":{"start":{"line":37,"column":30},"end":{"line":37,"column":41}},"type":"default-arg","locations":[{"start":{"line":37,"column":39},"end":{"line":37,"column":41}}],"line":37},"6":{"loc":{"start":{"line":45,"column":35},"end":{"line":45,"column":46}},"type":"default-arg","locations":[{"start":{"line":45,"column":44},"end":{"line":45,"column":46}}],"line":45}},"s":{"0":3,"1":1,"2":3,"3":2,"4":2,"5":2,"6":2,"7":2,"8":0,"9":3,"10":1,"11":3,"12":1,"13":1,"14":1,"15":1,"16":1,"17":0,"18":3,"19":1,"20":3,"21":1,"22":1,"23":1,"24":0,"25":3,"26":2,"27":3,"28":1,"29":1,"30":1,"31":1,"32":1,"33":3,"34":1},"f":{"0":1,"1":2,"2":2,"3":0,"4":1,"5":1,"6":1,"7":0,"8":1,"9":1,"10":1,"11":0,"12":2,"13":1,"14":1,"15":1,"16":3},"b":{"0":[0],"1":[1],"2":[1],"3":[1],"4":[1],"5":[0],"6":[0]},"_coverageSchema":"332fd63041d2c1bcb487cc26dd0d5f7d97098a6c","hash":"a3ccbe36ff0aab451d7c56aa094b263d94a05b31"}
,"D:\\github\\expensive-app\\src\\actions\\filters.js": {"path":"D:\\github\\expensive-app\\src\\actions\\filters.js","statementMap":{"0":{"start":{"line":2,"column":29},"end":{"line":7,"column":1}},"1":{"start":{"line":3,"column":4},"end":{"line":6,"column":5}},"2":{"start":{"line":10,"column":26},"end":{"line":14,"column":1}},"3":{"start":{"line":11,"column":4},"end":{"line":13,"column":5}},"4":{"start":{"line":17,"column":28},"end":{"line":21,"column":1}},"5":{"start":{"line":18,"column":4},"end":{"line":20,"column":5}},"6":{"start":{"line":24,"column":28},"end":{"line":29,"column":1}},"7":{"start":{"line":25,"column":4},"end":{"line":28,"column":5}},"8":{"start":{"line":32,"column":26},"end":{"line":37,"column":1}},"9":{"start":{"line":33,"column":4},"end":{"line":36,"column":5}}},"fnMap":{"0":{"name":"(anonymous_0)","decl":{"start":{"line":2,"column":29},"end":{"line":2,"column":30}},"loc":{"start":{"line":3,"column":4},"end":{"line":6,"column":5}},"line":3},"1":{"name":"(anonymous_1)","decl":{"start":{"line":10,"column":26},"end":{"line":10,"column":27}},"loc":{"start":{"line":11,"column":4},"end":{"line":13,"column":5}},"line":11},"2":{"name":"(anonymous_2)","decl":{"start":{"line":17,"column":28},"end":{"line":17,"column":29}},"loc":{"start":{"line":18,"column":4},"end":{"line":20,"column":5}},"line":18},"3":{"name":"(anonymous_3)","decl":{"start":{"line":24,"column":28},"end":{"line":24,"column":29}},"loc":{"start":{"line":25,"column":4},"end":{"line":28,"column":5}},"line":25},"4":{"name":"(anonymous_4)","decl":{"start":{"line":32,"column":26},"end":{"line":32,"column":27}},"loc":{"start":{"line":33,"column":4},"end":{"line":36,"column":5}},"line":33}},"branchMap":{"0":{"loc":{"start":{"line":2,"column":30},"end":{"line":2,"column":37}},"type":"default-arg","locations":[{"start":{"line":2,"column":35},"end":{"line":2,"column":37}}],"line":2}},"s":{"0":3,"1":1,"2":3,"3":1,"4":3,"5":1,"6":3,"7":1,"8":3,"9":1},"f":{"0":1,"1":1,"2":1,"3":1,"4":1},"b":{"0":[0]},"_coverageSchema":"332fd63041d2c1bcb487cc26dd0d5f7d97098a6c","hash":"023d6d5de142296d92c59189ce367338ac4cc633"}
,"D:\\github\\expensive-app\\src\\components\\AddExpensePage.js": {"path":"D:\\github\\expensive-app\\src\\components\\AddExpensePage.js","statementMap":{"0":{"start":{"line":8,"column":8},"end":{"line":8,"column":44}},"1":{"start":{"line":9,"column":8},"end":{"line":9,"column":37}},"2":{"start":{"line":12,"column":8},"end":{"line":25,"column":10}},"3":{"start":{"line":29,"column":27},"end":{"line":31,"column":2}},"4":{"start":{"line":29,"column":42},"end":{"line":31,"column":1}},"5":{"start":{"line":30,"column":34},"end":{"line":30,"column":68}}},"fnMap":{"0":{"name":"(anonymous_0)","decl":{"start":{"line":7,"column":15},"end":{"line":7,"column":16}},"loc":{"start":{"line":7,"column":28},"end":{"line":10,"column":5}},"line":7},"1":{"name":"(anonymous_1)","decl":{"start":{"line":11,"column":4},"end":{"line":11,"column":5}},"loc":{"start":{"line":11,"column":13},"end":{"line":26,"column":5}},"line":11},"2":{"name":"(anonymous_2)","decl":{"start":{"line":29,"column":27},"end":{"line":29,"column":28}},"loc":{"start":{"line":29,"column":42},"end":{"line":31,"column":1}},"line":29},"3":{"name":"(anonymous_3)","decl":{"start":{"line":30,"column":21},"end":{"line":30,"column":22}},"loc":{"start":{"line":30,"column":34},"end":{"line":30,"column":68}},"line":30}},"branchMap":{},"s":{"0":1,"1":1,"2":2,"3":1,"4":0,"5":0},"f":{"0":1,"1":2,"2":0,"3":0},"b":{},"_coverageSchema":"332fd63041d2c1bcb487cc26dd0d5f7d97098a6c","hash":"fd93c178b67bdcc03f0ceb2ae6b7cd4d47e6bfc8"}
,"D:\\github\\expensive-app\\src\\components\\EditExpensePage.js": {"path":"D:\\github\\expensive-app\\src\\components\\EditExpensePage.js","statementMap":{"0":{"start":{"line":9,"column":8},"end":{"line":9,"column":68}},"1":{"start":{"line":10,"column":8},"end":{"line":10,"column":37}},"2":{"start":{"line":14,"column":8},"end":{"line":14,"column":61}},"3":{"start":{"line":15,"column":8},"end":{"line":15,"column":37}},"4":{"start":{"line":19,"column":8},"end":{"line":34,"column":9}},"5":{"start":{"line":38,"column":24},"end":{"line":42,"column":1}},"6":{"start":{"line":39,"column":4},"end":{"line":41,"column":6}},"7":{"start":{"line":40,"column":50},"end":{"line":40,"column":86}},"8":{"start":{"line":44,"column":27},"end":{"line":47,"column":2}},"9":{"start":{"line":44,"column":42},"end":{"line":47,"column":1}},"10":{"start":{"line":45,"column":39},"end":{"line":45,"column":78}},"11":{"start":{"line":46,"column":32},"end":{"line":46,"column":72}}},"fnMap":{"0":{"name":"(anonymous_0)","decl":{"start":{"line":8,"column":15},"end":{"line":8,"column":16}},"loc":{"start":{"line":8,"column":28},"end":{"line":11,"column":5}},"line":8},"1":{"name":"(anonymous_1)","decl":{"start":{"line":13,"column":14},"end":{"line":13,"column":15}},"loc":{"start":{"line":13,"column":21},"end":{"line":16,"column":5}},"line":13},"2":{"name":"(anonymous_2)","decl":{"start":{"line":18,"column":4},"end":{"line":18,"column":5}},"loc":{"start":{"line":18,"column":13},"end":{"line":35,"column":5}},"line":18},"3":{"name":"(anonymous_3)","decl":{"start":{"line":38,"column":24},"end":{"line":38,"column":25}},"loc":{"start":{"line":38,"column":42},"end":{"line":42,"column":1}},"line":38},"4":{"name":"(anonymous_4)","decl":{"start":{"line":40,"column":37},"end":{"line":40,"column":38}},"loc":{"start":{"line":40,"column":50},"end":{"line":40,"column":86}},"line":40},"5":{"name":"(anonymous_5)","decl":{"start":{"line":44,"column":27},"end":{"line":44,"column":28}},"loc":{"start":{"line":44,"column":42},"end":{"line":47,"column":1}},"line":44},"6":{"name":"(anonymous_6)","decl":{"start":{"line":45,"column":22},"end":{"line":45,"column":23}},"loc":{"start":{"line":45,"column":39},"end":{"line":45,"column":78}},"line":45},"7":{"name":"(anonymous_7)","decl":{"start":{"line":46,"column":24},"end":{"line":46,"column":25}},"loc":{"start":{"line":46,"column":32},"end":{"line":46,"column":72}},"line":46}},"branchMap":{},"s":{"0":1,"1":1,"2":1,"3":1,"4":3,"5":1,"6":0,"7":0,"8":1,"9":0,"10":0,"11":0},"f":{"0":1,"1":1,"2":3,"3":0,"4":0,"5":0,"6":0,"7":0},"b":{},"_coverageSchema":"332fd63041d2c1bcb487cc26dd0d5f7d97098a6c","hash":"c02e556cf7f8d82c445e27eb275bc284a92be26f"}
,"D:\\github\\expensive-app\\src\\components\\ExpenseDashboardPage.js": {"path":"D:\\github\\expensive-app\\src\\components\\ExpenseDashboardPage.js","statementMap":{"0":{"start":{"line":6,"column":29},"end":{"line":12,"column":1}},"1":{"start":{"line":7,"column":4},"end":{"line":11,"column":10}}},"fnMap":{"0":{"name":"(anonymous_0)","decl":{"start":{"line":6,"column":29},"end":{"line":6,"column":30}},"loc":{"start":{"line":7,"column":4},"end":{"line":11,"column":10}},"line":7}},"branchMap":{},"s":{"0":1,"1":1},"f":{"0":1},"b":{},"_coverageSchema":"332fd63041d2c1bcb487cc26dd0d5f7d97098a6c","hash":"0896b1b25b1f94ebb61e284b94e4ac9fe7b17bb6"}
,"D:\\github\\expensive-app\\src\\components\\ExpenseForm.js": {"path":"D:\\github\\expensive-app\\src\\components\\ExpenseForm.js","statementMap":{"0":{"start":{"line":9,"column":8},"end":{"line":9,"column":21}},"1":{"start":{"line":11,"column":8},"end":{"line":18,"column":10}},"2":{"start":{"line":22,"column":28},"end":{"line":22,"column":42}},"3":{"start":{"line":23,"column":8},"end":{"line":23,"column":60}},"4":{"start":{"line":23,"column":29},"end":{"line":23,"column":57}},"5":{"start":{"line":26,"column":21},"end":{"line":26,"column":35}},"6":{"start":{"line":27,"column":8},"end":{"line":27,"column":46}},"7":{"start":{"line":27,"column":29},"end":{"line":27,"column":43}},"8":{"start":{"line":30,"column":23},"end":{"line":30,"column":37}},"9":{"start":{"line":31,"column":4},"end":{"line":33,"column":9}},"10":{"start":{"line":32,"column":12},"end":{"line":32,"column":45}},"11":{"start":{"line":32,"column":33},"end":{"line":32,"column":43}},"12":{"start":{"line":36,"column":8},"end":{"line":38,"column":9}},"13":{"start":{"line":37,"column":12},"end":{"line":37,"column":60}},"14":{"start":{"line":37,"column":33},"end":{"line":37,"column":57}},"15":{"start":{"line":41,"column":8},"end":{"line":41,"column":60}},"16":{"start":{"line":41,"column":29},"end":{"line":41,"column":57}},"17":{"start":{"line":44,"column":8},"end":{"line":44,"column":27}},"18":{"start":{"line":45,"column":8},"end":{"line":55,"column":9}},"19":{"start":{"line":46,"column":12},"end":{"line":46,"column":93}},"20":{"start":{"line":46,"column":33},"end":{"line":46,"column":90}},"21":{"start":{"line":48,"column":12},"end":{"line":48,"column":54}},"22":{"start":{"line":48,"column":33},"end":{"line":48,"column":52}},"23":{"start":{"line":49,"column":12},"end":{"line":54,"column":14}},"24":{"start":{"line":59,"column":8},"end":{"line":81,"column":10}},"25":{"start":{"line":72,"column":42},"end":{"line":72,"column":47}}},"fnMap":{"0":{"name":"(anonymous_0)","decl":{"start":{"line":8,"column":4},"end":{"line":8,"column":5}},"loc":{"start":{"line":8,"column":23},"end":{"line":19,"column":5}},"line":8},"1":{"name":"(anonymous_1)","decl":{"start":{"line":21,"column":26},"end":{"line":21,"column":27}},"loc":{"start":{"line":21,"column":33},"end":{"line":24,"column":5}},"line":21},"2":{"name":"(anonymous_2)","decl":{"start":{"line":23,"column":22},"end":{"line":23,"column":23}},"loc":{"start":{"line":23,"column":29},"end":{"line":23,"column":57}},"line":23},"3":{"name":"(anonymous_3)","decl":{"start":{"line":25,"column":19},"end":{"line":25,"column":20}},"loc":{"start":{"line":25,"column":26},"end":{"line":28,"column":5}},"line":25},"4":{"name":"(anonymous_4)","decl":{"start":{"line":27,"column":22},"end":{"line":27,"column":23}},"loc":{"start":{"line":27,"column":29},"end":{"line":27,"column":43}},"line":27},"5":{"name":"(anonymous_5)","decl":{"start":{"line":29,"column":21},"end":{"line":29,"column":22}},"loc":{"start":{"line":29,"column":28},"end":{"line":34,"column":5}},"line":29},"6":{"name":"(anonymous_6)","decl":{"start":{"line":32,"column":26},"end":{"line":32,"column":27}},"loc":{"start":{"line":32,"column":33},"end":{"line":32,"column":43}},"line":32},"7":{"name":"(anonymous_7)","decl":{"start":{"line":35,"column":19},"end":{"line":35,"column":20}},"loc":{"start":{"line":35,"column":34},"end":{"line":39,"column":5}},"line":35},"8":{"name":"(anonymous_8)","decl":{"start":{"line":37,"column":26},"end":{"line":37,"column":27}},"loc":{"start":{"line":37,"column":33},"end":{"line":37,"column":57}},"line":37},"9":{"name":"(anonymous_9)","decl":{"start":{"line":40,"column":20},"end":{"line":40,"column":21}},"loc":{"start":{"line":40,"column":35},"end":{"line":42,"column":5}},"line":40},"10":{"name":"(anonymous_10)","decl":{"start":{"line":41,"column":22},"end":{"line":41,"column":23}},"loc":{"start":{"line":41,"column":29},"end":{"line":41,"column":57}},"line":41},"11":{"name":"(anonymous_11)","decl":{"start":{"line":43,"column":15},"end":{"line":43,"column":16}},"loc":{"start":{"line":43,"column":22},"end":{"line":56,"column":5}},"line":43},"12":{"name":"(anonymous_12)","decl":{"start":{"line":46,"column":26},"end":{"line":46,"column":27}},"loc":{"start":{"line":46,"column":33},"end":{"line":46,"column":90}},"line":46},"13":{"name":"(anonymous_13)","decl":{"start":{"line":48,"column":26},"end":{"line":48,"column":27}},"loc":{"start":{"line":48,"column":33},"end":{"line":48,"column":52}},"line":48},"14":{"name":"(anonymous_14)","decl":{"start":{"line":58,"column":4},"end":{"line":58,"column":5}},"loc":{"start":{"line":58,"column":14},"end":{"line":82,"column":5}},"line":58},"15":{"name":"(anonymous_15)","decl":{"start":{"line":72,"column":36},"end":{"line":72,"column":37}},"loc":{"start":{"line":72,"column":42},"end":{"line":72,"column":47}},"line":72}},"branchMap":{"0":{"loc":{"start":{"line":12,"column":25},"end":{"line":12,"column":71}},"type":"cond-expr","locations":[{"start":{"line":12,"column":41},"end":{"line":12,"column":66}},{"start":{"line":12,"column":69},"end":{"line":12,"column":71}}],"line":12},"1":{"loc":{"start":{"line":13,"column":18},"end":{"line":13,"column":57}},"type":"cond-expr","locations":[{"start":{"line":13,"column":34},"end":{"line":13,"column":52}},{"start":{"line":13,"column":55},"end":{"line":13,"column":57}}],"line":13},"2":{"loc":{"start":{"line":14,"column":20},"end":{"line":14,"column":74}},"type":"cond-expr","locations":[{"start":{"line":14,"column":36},"end":{"line":14,"column":69}},{"start":{"line":14,"column":72},"end":{"line":14,"column":74}}],"line":14},"3":{"loc":{"start":{"line":15,"column":23},"end":{"line":15,"column":81}},"type":"cond-expr","locations":[{"start":{"line":15,"column":39},"end":{"line":15,"column":70}},{"start":{"line":15,"column":73},"end":{"line":15,"column":81}}],"line":15},"4":{"loc":{"start":{"line":31,"column":4},"end":{"line":33,"column":9}},"type":"if","locations":[{"start":{"line":31,"column":4},"end":{"line":33,"column":9}},{"start":{"line":31,"column":4},"end":{"line":33,"column":9}}],"line":31},"5":{"loc":{"start":{"line":31,"column":8},"end":{"line":31,"column":55}},"type":"binary-expr","locations":[{"start":{"line":31,"column":8},"end":{"line":31,"column":15}},{"start":{"line":31,"column":19},"end":{"line":31,"column":55}}],"line":31},"6":{"loc":{"start":{"line":36,"column":8},"end":{"line":38,"column":9}},"type":"if","locations":[{"start":{"line":36,"column":8},"end":{"line":38,"column":9}},{"start":{"line":36,"column":8},"end":{"line":38,"column":9}}],"line":36},"7":{"loc":{"start":{"line":45,"column":8},"end":{"line":55,"column":9}},"type":"if","locations":[{"start":{"line":45,"column":8},"end":{"line":55,"column":9}},{"start":{"line":45,"column":8},"end":{"line":55,"column":9}}],"line":45},"8":{"loc":{"start":{"line":45,"column":12},"end":{"line":45,"column":57}},"type":"binary-expr","locations":[{"start":{"line":45,"column":12},"end":{"line":45,"column":35}},{"start":{"line":45,"column":39},"end":{"line":45,"column":57}}],"line":45},"9":{"loc":{"start":{"line":61,"column":17},"end":{"line":61,"column":99}},"type":"binary-expr","locations":[{"start":{"line":61,"column":17},"end":{"line":61,"column":39}},{"start":{"line":61,"column":43},"end":{"line":61,"column":99}}],"line":61}},"s":{"0":10,"1":10,"2":1,"3":1,"4":1,"5":1,"6":1,"7":1,"8":2,"9":2,"10":1,"11":1,"12":1,"13":1,"14":1,"15":1,"16":1,"17":2,"18":2,"19":1,"20":1,"21":1,"22":1,"23":1,"24":17,"25":0},"f":{"0":10,"1":1,"2":1,"3":1,"4":1,"5":2,"6":1,"7":1,"8":1,"9":1,"10":1,"11":2,"12":1,"13":1,"14":17,"15":0},"b":{"0":[2,8],"1":[2,8],"2":[2,8],"3":[2,8],"4":[1,1],"5":[2,2],"6":[1,0],"7":[1,1],"8":[2,1],"9":[17,1]},"_coverageSchema":"332fd63041d2c1bcb487cc26dd0d5f7d97098a6c","hash":"e10d5d134515272073c28ce1358965bec3c478be"}
,"D:\\github\\expensive-app\\src\\components\\ExpenseList.js": {"path":"D:\\github\\expensive-app\\src\\components\\ExpenseList.js","statementMap":{"0":{"start":{"line":6,"column":27},"end":{"line":26,"column":1}},"1":{"start":{"line":7,"column":4},"end":{"line":25,"column":10}},"2":{"start":{"line":21,"column":16},"end":{"line":21,"column":72}},"3":{"start":{"line":28,"column":24},"end":{"line":32,"column":1}},"4":{"start":{"line":29,"column":4},"end":{"line":31,"column":6}}},"fnMap":{"0":{"name":"(anonymous_0)","decl":{"start":{"line":6,"column":27},"end":{"line":6,"column":28}},"loc":{"start":{"line":7,"column":4},"end":{"line":25,"column":10}},"line":7},"1":{"name":"(anonymous_1)","decl":{"start":{"line":20,"column":32},"end":{"line":20,"column":33}},"loc":{"start":{"line":20,"column":45},"end":{"line":22,"column":13}},"line":20},"2":{"name":"(anonymous_2)","decl":{"start":{"line":28,"column":24},"end":{"line":28,"column":25}},"loc":{"start":{"line":28,"column":35},"end":{"line":32,"column":1}},"line":28}},"branchMap":{"0":{"loc":{"start":{"line":15,"column":12},"end":{"line":22,"column":15}},"type":"cond-expr","locations":[{"start":{"line":16,"column":16},"end":{"line":18,"column":22}},{"start":{"line":20,"column":13},"end":{"line":22,"column":14}}],"line":15}},"s":{"0":2,"1":2,"2":3,"3":2,"4":0},"f":{"0":2,"1":3,"2":0},"b":{"0":[1,1]},"_coverageSchema":"332fd63041d2c1bcb487cc26dd0d5f7d97098a6c","hash":"255975b4d1131824b29e93a86132e61900573cb6"}
,"D:\\github\\expensive-app\\src\\components\\ExpenseListFilters.js": {"path":"D:\\github\\expensive-app\\src\\components\\ExpenseListFilters.js","statementMap":{"0":{"start":{"line":9,"column":8},"end":{"line":9,"column":21}},"1":{"start":{"line":10,"column":8},"end":{"line":12,"column":10}},"2":{"start":{"line":16,"column":8},"end":{"line":16,"column":43}},"3":{"start":{"line":17,"column":8},"end":{"line":17,"column":39}},"4":{"start":{"line":21,"column":8},"end":{"line":21,"column":51}},"5":{"start":{"line":21,"column":29},"end":{"line":21,"column":48}},"6":{"start":{"line":25,"column":8},"end":{"line":25,"column":49}},"7":{"start":{"line":29,"column":21},"end":{"line":29,"column":35}},"8":{"start":{"line":30,"column":8},"end":{"line":34,"column":9}},"9":{"start":{"line":31,"column":12},"end":{"line":31,"column":36}},"10":{"start":{"line":32,"column":15},"end":{"line":34,"column":9}},"11":{"start":{"line":33,"column":12},"end":{"line":33,"column":38}},"12":{"start":{"line":39,"column":8},"end":{"line":73,"column":10}},"13":{"start":{"line":68,"column":46},"end":{"line":68,"column":51}},"14":{"start":{"line":77,"column":24},"end":{"line":81,"column":1}},"15":{"start":{"line":78,"column":4},"end":{"line":80,"column":5}},"16":{"start":{"line":83,"column":27},"end":{"line":89,"column":2}},"17":{"start":{"line":83,"column":42},"end":{"line":89,"column":1}},"18":{"start":{"line":84,"column":29},"end":{"line":84,"column":58}},"19":{"start":{"line":85,"column":22},"end":{"line":85,"column":44}},"20":{"start":{"line":86,"column":24},"end":{"line":86,"column":48}},"21":{"start":{"line":87,"column":33},"end":{"line":87,"column":66}},"22":{"start":{"line":88,"column":29},"end":{"line":88,"column":58}}},"fnMap":{"0":{"name":"(anonymous_0)","decl":{"start":{"line":8,"column":4},"end":{"line":8,"column":5}},"loc":{"start":{"line":8,"column":23},"end":{"line":13,"column":5}},"line":8},"1":{"name":"(anonymous_1)","decl":{"start":{"line":15,"column":20},"end":{"line":15,"column":21}},"loc":{"start":{"line":15,"column":48},"end":{"line":18,"column":5}},"line":15},"2":{"name":"(anonymous_2)","decl":{"start":{"line":20,"column":20},"end":{"line":20,"column":21}},"loc":{"start":{"line":20,"column":41},"end":{"line":22,"column":5}},"line":20},"3":{"name":"(anonymous_3)","decl":{"start":{"line":21,"column":22},"end":{"line":21,"column":23}},"loc":{"start":{"line":21,"column":29},"end":{"line":21,"column":48}},"line":21},"4":{"name":"(anonymous_4)","decl":{"start":{"line":24,"column":19},"end":{"line":24,"column":20}},"loc":{"start":{"line":24,"column":26},"end":{"line":26,"column":5}},"line":24},"5":{"name":"(anonymous_5)","decl":{"start":{"line":28,"column":19},"end":{"line":28,"column":20}},"loc":{"start":{"line":28,"column":26},"end":{"line":35,"column":5}},"line":28},"6":{"name":"(anonymous_6)","decl":{"start":{"line":38,"column":4},"end":{"line":38,"column":5}},"loc":{"start":{"line":38,"column":13},"end":{"line":74,"column":5}},"line":38},"7":{"name":"(anonymous_7)","decl":{"start":{"line":68,"column":40},"end":{"line":68,"column":41}},"loc":{"start":{"line":68,"column":46},"end":{"line":68,"column":51}},"line":68},"8":{"name":"(anonymous_8)","decl":{"start":{"line":77,"column":24},"end":{"line":77,"column":25}},"loc":{"start":{"line":77,"column":35},"end":{"line":81,"column":1}},"line":77},"9":{"name":"(anonymous_9)","decl":{"start":{"line":83,"column":27},"end":{"line":83,"column":28}},"loc":{"start":{"line":83,"column":42},"end":{"line":89,"column":1}},"line":83},"10":{"name":"(anonymous_10)","decl":{"start":{"line":84,"column":19},"end":{"line":84,"column":20}},"loc":{"start":{"line":84,"column":29},"end":{"line":84,"column":58}},"line":84},"11":{"name":"(anonymous_11)","decl":{"start":{"line":85,"column":16},"end":{"line":85,"column":17}},"loc":{"start":{"line":85,"column":22},"end":{"line":85,"column":44}},"line":85},"12":{"name":"(anonymous_12)","decl":{"start":{"line":86,"column":18},"end":{"line":86,"column":19}},"loc":{"start":{"line":86,"column":24},"end":{"line":86,"column":48}},"line":86},"13":{"name":"(anonymous_13)","decl":{"start":{"line":87,"column":18},"end":{"line":87,"column":19}},"loc":{"start":{"line":87,"column":33},"end":{"line":87,"column":66}},"line":87},"14":{"name":"(anonymous_14)","decl":{"start":{"line":88,"column":16},"end":{"line":88,"column":17}},"loc":{"start":{"line":88,"column":29},"end":{"line":88,"column":58}},"line":88}},"branchMap":{"0":{"loc":{"start":{"line":30,"column":8},"end":{"line":34,"column":9}},"type":"if","locations":[{"start":{"line":30,"column":8},"end":{"line":34,"column":9}},{"start":{"line":30,"column":8},"end":{"line":34,"column":9}}],"line":30},"1":{"loc":{"start":{"line":32,"column":15},"end":{"line":34,"column":9}},"type":"if","locations":[{"start":{"line":32,"column":15},"end":{"line":34,"column":9}},{"start":{"line":32,"column":15},"end":{"line":34,"column":9}}],"line":32}},"s":{"0":7,"1":7,"2":1,"3":1,"4":1,"5":1,"6":1,"7":2,"8":2,"9":1,"10":1,"11":1,"12":9,"13":0,"14":2,"15":0,"16":2,"17":0,"18":0,"19":0,"20":0,"21":0,"22":0},"f":{"0":7,"1":1,"2":1,"3":1,"4":1,"5":2,"6":9,"7":0,"8":0,"9":0,"10":0,"11":0,"12":0,"13":0,"14":0},"b":{"0":[1,1],"1":[1,0]},"_coverageSchema":"332fd63041d2c1bcb487cc26dd0d5f7d97098a6c","hash":"25c8e0ba59bbc5773182631ba636ea5ef2b5525e"}
,"D:\\github\\expensive-app\\src\\components\\ExpenseListItem.js": {"path":"D:\\github\\expensive-app\\src\\components\\ExpenseListItem.js","statementMap":{"0":{"start":{"line":6,"column":31},"end":{"line":14,"column":1}},"1":{"start":{"line":7,"column":4},"end":{"line":13,"column":11}}},"fnMap":{"0":{"name":"(anonymous_0)","decl":{"start":{"line":6,"column":31},"end":{"line":6,"column":32}},"loc":{"start":{"line":7,"column":4},"end":{"line":13,"column":11}},"line":7}},"branchMap":{},"s":{"0":3,"1":1},"f":{"0":1},"b":{},"_coverageSchema":"332fd63041d2c1bcb487cc26dd0d5f7d97098a6c","hash":"d47de34041a25419b97c7fe0f30adab5d40374ee"}
,"D:\\github\\expensive-app\\src\\components\\ExpensesSummary.js": {"path":"D:\\github\\expensive-app\\src\\components\\ExpensesSummary.js","statementMap":{"0":{"start":{"line":8,"column":31},"end":{"line":24,"column":1}},"1":{"start":{"line":9,"column":24},"end":{"line":9,"column":76}},"2":{"start":{"line":10,"column":34},"end":{"line":10,"column":96}},"3":{"start":{"line":12,"column":4},"end":{"line":23,"column":5}},"4":{"start":{"line":26,"column":24},"end":{"line":30,"column":1}},"5":{"start":{"line":27,"column":4},"end":{"line":29,"column":6}}},"fnMap":{"0":{"name":"(anonymous_0)","decl":{"start":{"line":8,"column":31},"end":{"line":8,"column":32}},"loc":{"start":{"line":8,"column":42},"end":{"line":24,"column":1}},"line":8},"1":{"name":"(anonymous_1)","decl":{"start":{"line":26,"column":24},"end":{"line":26,"column":25}},"loc":{"start":{"line":26,"column":35},"end":{"line":30,"column":1}},"line":26}},"branchMap":{"0":{"loc":{"start":{"line":9,"column":24},"end":{"line":9,"column":76}},"type":"cond-expr","locations":[{"start":{"line":9,"column":54},"end":{"line":9,"column":63}},{"start":{"line":9,"column":66},"end":{"line":9,"column":76}}],"line":9}},"s":{"0":2,"1":2,"2":2,"3":2,"4":2,"5":0},"f":{"0":2,"1":0},"b":{"0":[1,1]},"_coverageSchema":"332fd63041d2c1bcb487cc26dd0d5f7d97098a6c","hash":"459c464ed221bb21a4e76752ef818b9666aed868"}
,"D:\\github\\expensive-app\\src\\components\\Header.js": {"path":"D:\\github\\expensive-app\\src\\components\\Header.js","statementMap":{"0":{"start":{"line":7,"column":22},"end":{"line":19,"column":1}},"1":{"start":{"line":8,"column":4},"end":{"line":18,"column":13}},"2":{"start":{"line":21,"column":27},"end":{"line":25,"column":2}},"3":{"start":{"line":21,"column":42},"end":{"line":25,"column":1}},"4":{"start":{"line":23,"column":8},"end":{"line":23,"column":32}}},"fnMap":{"0":{"name":"(anonymous_0)","decl":{"start":{"line":7,"column":22},"end":{"line":7,"column":23}},"loc":{"start":{"line":8,"column":4},"end":{"line":18,"column":13}},"line":8},"1":{"name":"(anonymous_1)","decl":{"start":{"line":21,"column":27},"end":{"line":21,"column":28}},"loc":{"start":{"line":21,"column":42},"end":{"line":25,"column":1}},"line":21},"2":{"name":"(anonymous_2)","decl":{"start":{"line":22,"column":17},"end":{"line":22,"column":18}},"loc":{"start":{"line":22,"column":23},"end":{"line":24,"column":5}},"line":22}},"branchMap":{},"s":{"0":1,"1":2,"2":1,"3":0,"4":0},"f":{"0":2,"1":0,"2":0},"b":{},"_coverageSchema":"332fd63041d2c1bcb487cc26dd0d5f7d97098a6c","hash":"a96207b5be81f53ca39642644badfb35558a83c8"}
,"D:\\github\\expensive-app\\src\\components\\LogInPage.js": {"path":"D:\\github\\expensive-app\\src\\components\\LogInPage.js","statementMap":{"0":{"start":{"line":5,"column":25},"end":{"line":13,"column":1}},"1":{"start":{"line":6,"column":4},"end":{"line":12,"column":10}},"2":{"start":{"line":15,"column":27},"end":{"line":17,"column":2}},"3":{"start":{"line":15,"column":42},"end":{"line":17,"column":1}},"4":{"start":{"line":16,"column":22},"end":{"line":16,"column":44}}},"fnMap":{"0":{"name":"(anonymous_0)","decl":{"start":{"line":5,"column":25},"end":{"line":5,"column":26}},"loc":{"start":{"line":6,"column":4},"end":{"line":12,"column":10}},"line":6},"1":{"name":"(anonymous_1)","decl":{"start":{"line":15,"column":27},"end":{"line":15,"column":28}},"loc":{"start":{"line":15,"column":42},"end":{"line":17,"column":1}},"line":15},"2":{"name":"(anonymous_2)","decl":{"start":{"line":16,"column":16},"end":{"line":16,"column":17}},"loc":{"start":{"line":16,"column":22},"end":{"line":16,"column":44}},"line":16}},"branchMap":{},"s":{"0":1,"1":2,"2":1,"3":0,"4":0},"f":{"0":2,"1":0,"2":0},"b":{},"_coverageSchema":"332fd63041d2c1bcb487cc26dd0d5f7d97098a6c","hash":"b231bf37349b45f9254465c236232eeb05cf284d"}
,"D:\\github\\expensive-app\\src\\components\\NotFoundPage.js": {"path":"D:\\github\\expensive-app\\src\\components\\NotFoundPage.js","statementMap":{"0":{"start":{"line":4,"column":21},"end":{"line":8,"column":1}},"1":{"start":{"line":5,"column":4},"end":{"line":7,"column":10}}},"fnMap":{"0":{"name":"(anonymous_0)","decl":{"start":{"line":4,"column":21},"end":{"line":4,"column":22}},"loc":{"start":{"line":5,"column":4},"end":{"line":7,"column":10}},"line":5}},"branchMap":{},"s":{"0":1,"1":1},"f":{"0":1},"b":{},"_coverageSchema":"332fd63041d2c1bcb487cc26dd0d5f7d97098a6c","hash":"f725b92bc453592e4ec186ae7b62e5526d5fb721"}
,"D:\\github\\expensive-app\\src\\firebase\\firebase.js": {"path":"D:\\github\\expensive-app\\src\\firebase\\firebase.js","statementMap":{"0":{"start":{"line":3,"column":13},"end":{"line":10,"column":3}},"1":{"start":{"line":12,"column":0},"end":{"line":12,"column":31}},"2":{"start":{"line":13,"column":17},"end":{"line":13,"column":36}},"3":{"start":{"line":14,"column":27},"end":{"line":14,"column":65}}},"fnMap":{},"branchMap":{},"s":{"0":6,"1":6,"2":6,"3":6},"f":{},"b":{},"_coverageSchema":"332fd63041d2c1bcb487cc26dd0d5f7d97098a6c","hash":"a00d13db3992c716e118e7f5828044f3ee5234b4"}
,"D:\\github\\expensive-app\\src\\reducers\\auth.js": {"path":"D:\\github\\expensive-app\\src\\reducers\\auth.js","statementMap":{"0":{"start":{"line":2,"column":4},"end":{"line":11,"column":5}},"1":{"start":{"line":4,"column":12},"end":{"line":6,"column":14}},"2":{"start":{"line":8,"column":12},"end":{"line":8,"column":22}},"3":{"start":{"line":10,"column":12},"end":{"line":10,"column":25}}},"fnMap":{"0":{"name":"(anonymous_0)","decl":{"start":{"line":1,"column":15},"end":{"line":1,"column":16}},"loc":{"start":{"line":1,"column":39},"end":{"line":12,"column":1}},"line":1}},"branchMap":{"0":{"loc":{"start":{"line":1,"column":16},"end":{"line":1,"column":26}},"type":"default-arg","locations":[{"start":{"line":1,"column":24},"end":{"line":1,"column":26}}],"line":1},"1":{"loc":{"start":{"line":2,"column":4},"end":{"line":11,"column":5}},"type":"switch","locations":[{"start":{"line":3,"column":8},"end":{"line":6,"column":14}},{"start":{"line":7,"column":8},"end":{"line":8,"column":22}},{"start":{"line":9,"column":8},"end":{"line":10,"column":25}}],"line":2}},"s":{"0":3,"1":1,"2":1,"3":1},"f":{"0":3},"b":{"0":[0],"1":[1,1,1]},"_coverageSchema":"332fd63041d2c1bcb487cc26dd0d5f7d97098a6c","hash":"c735e7128f77fa15b947988785e48c04770a3ae0"}
,"D:\\github\\expensive-app\\src\\reducers\\expenses.js": {"path":"D:\\github\\expensive-app\\src\\reducers\\expenses.js","statementMap":{"0":{"start":{"line":3,"column":35},"end":{"line":3,"column":37}},"1":{"start":{"line":5,"column":23},"end":{"line":32,"column":1}},"2":{"start":{"line":6,"column":4},"end":{"line":31,"column":5}},"3":{"start":{"line":8,"column":12},"end":{"line":11,"column":14}},"4":{"start":{"line":13,"column":12},"end":{"line":13,"column":60}},"5":{"start":{"line":13,"column":42},"end":{"line":13,"column":58}},"6":{"start":{"line":15,"column":12},"end":{"line":26,"column":15}},"7":{"start":{"line":17,"column":16},"end":{"line":25,"column":17}},"8":{"start":{"line":19,"column":20},"end":{"line":22,"column":21}},"9":{"start":{"line":24,"column":20},"end":{"line":24,"column":35}},"10":{"start":{"line":28,"column":12},"end":{"line":28,"column":35}},"11":{"start":{"line":30,"column":12},"end":{"line":30,"column":25}}},"fnMap":{"0":{"name":"(anonymous_0)","decl":{"start":{"line":5,"column":23},"end":{"line":5,"column":24}},"loc":{"start":{"line":5,"column":71},"end":{"line":32,"column":1}},"line":5},"1":{"name":"(anonymous_1)","decl":{"start":{"line":13,"column":32},"end":{"line":13,"column":33}},"loc":{"start":{"line":13,"column":42},"end":{"line":13,"column":58}},"line":13},"2":{"name":"(anonymous_2)","decl":{"start":{"line":15,"column":29},"end":{"line":15,"column":30}},"loc":{"start":{"line":15,"column":42},"end":{"line":26,"column":13}},"line":15}},"branchMap":{"0":{"loc":{"start":{"line":5,"column":24},"end":{"line":5,"column":58}},"type":"default-arg","locations":[{"start":{"line":5,"column":32},"end":{"line":5,"column":58}}],"line":5},"1":{"loc":{"start":{"line":6,"column":4},"end":{"line":31,"column":5}},"type":"switch","locations":[{"start":{"line":7,"column":8},"end":{"line":11,"column":14}},{"start":{"line":12,"column":8},"end":{"line":13,"column":60}},{"start":{"line":14,"column":8},"end":{"line":26,"column":15}},{"start":{"line":27,"column":8},"end":{"line":28,"column":35}},{"start":{"line":29,"column":8},"end":{"line":30,"column":25}}],"line":6},"2":{"loc":{"start":{"line":17,"column":16},"end":{"line":25,"column":17}},"type":"if","locations":[{"start":{"line":17,"column":16},"end":{"line":25,"column":17}},{"start":{"line":17,"column":16},"end":{"line":25,"column":17}}],"line":17}},"s":{"0":1,"1":1,"2":7,"3":1,"4":2,"5":6,"6":2,"7":6,"8":1,"9":5,"10":1,"11":1},"f":{"0":7,"1":6,"2":6},"b":{"0":[1],"1":[1,2,2,1,1],"2":[1,5]},"_coverageSchema":"332fd63041d2c1bcb487cc26dd0d5f7d97098a6c","hash":"69cf70c57d8ead44e048473582253bafd62b5eca"}
,"D:\\github\\expensive-app\\src\\reducers\\filters.js": {"path":"D:\\github\\expensive-app\\src\\reducers\\filters.js","statementMap":{"0":{"start":{"line":4,"column":34},"end":{"line":9,"column":1}},"1":{"start":{"line":11,"column":22},"end":{"line":42,"column":1}},"2":{"start":{"line":12,"column":4},"end":{"line":41,"column":5}},"3":{"start":{"line":14,"column":12},"end":{"line":17,"column":14}},"4":{"start":{"line":19,"column":12},"end":{"line":22,"column":14}},"5":{"start":{"line":24,"column":12},"end":{"line":27,"column":14}},"6":{"start":{"line":29,"column":12},"end":{"line":32,"column":14}},"7":{"start":{"line":34,"column":12},"end":{"line":37,"column":13}},"8":{"start":{"line":40,"column":12},"end":{"line":40,"column":25}}},"fnMap":{"0":{"name":"(anonymous_0)","decl":{"start":{"line":11,"column":22},"end":{"line":11,"column":23}},"loc":{"start":{"line":11,"column":67},"end":{"line":42,"column":1}},"line":11}},"branchMap":{"0":{"loc":{"start":{"line":11,"column":23},"end":{"line":11,"column":54}},"type":"default-arg","locations":[{"start":{"line":11,"column":29},"end":{"line":11,"column":54}}],"line":11},"1":{"loc":{"start":{"line":12,"column":4},"end":{"line":41,"column":5}},"type":"switch","locations":[{"start":{"line":13,"column":8},"end":{"line":17,"column":14}},{"start":{"line":18,"column":8},"end":{"line":22,"column":14}},{"start":{"line":23,"column":8},"end":{"line":27,"column":14}},{"start":{"line":28,"column":8},"end":{"line":32,"column":14}},{"start":{"line":33,"column":8},"end":{"line":37,"column":13}},{"start":{"line":39,"column":8},"end":{"line":40,"column":25}}],"line":12}},"s":{"0":1,"1":1,"2":6,"3":1,"4":1,"5":1,"6":1,"7":1,"8":1},"f":{"0":6},"b":{"0":[6],"1":[1,1,1,1,1,1]},"_coverageSchema":"332fd63041d2c1bcb487cc26dd0d5f7d97098a6c","hash":"7c1f8642b13c51ba7a0460c4eeb77dacbd7ec867"}
,"D:\\github\\expensive-app\\src\\selectors\\expense.js": {"path":"D:\\github\\expensive-app\\src\\selectors\\expense.js","statementMap":{"0":{"start":{"line":5,"column":4},"end":{"line":18,"column":7}},"1":{"start":{"line":6,"column":30},"end":{"line":6,"column":55}},"2":{"start":{"line":7,"column":29},"end":{"line":7,"column":96}},"3":{"start":{"line":8,"column":27},"end":{"line":8,"column":89}},"4":{"start":{"line":9,"column":24},"end":{"line":9,"column":86}},"5":{"start":{"line":11,"column":6},"end":{"line":11,"column":57}},"6":{"start":{"line":13,"column":6},"end":{"line":17,"column":7}},"7":{"start":{"line":14,"column":8},"end":{"line":14,"column":50}},"8":{"start":{"line":15,"column":13},"end":{"line":17,"column":7}},"9":{"start":{"line":16,"column":8},"end":{"line":16,"column":44}}},"fnMap":{"0":{"name":"(anonymous_0)","decl":{"start":{"line":4,"column":15},"end":{"line":4,"column":16}},"loc":{"start":{"line":4,"column":67},"end":{"line":19,"column":3}},"line":4},"1":{"name":"(anonymous_1)","decl":{"start":{"line":5,"column":27},"end":{"line":5,"column":28}},"loc":{"start":{"line":5,"column":40},"end":{"line":12,"column":5}},"line":5},"2":{"name":"(anonymous_2)","decl":{"start":{"line":12,"column":12},"end":{"line":12,"column":13}},"loc":{"start":{"line":12,"column":22},"end":{"line":18,"column":5}},"line":12}},"branchMap":{"0":{"loc":{"start":{"line":7,"column":29},"end":{"line":7,"column":96}},"type":"cond-expr","locations":[{"start":{"line":7,"column":41},"end":{"line":7,"column":89}},{"start":{"line":7,"column":92},"end":{"line":7,"column":96}}],"line":7},"1":{"loc":{"start":{"line":8,"column":27},"end":{"line":8,"column":89}},"type":"cond-expr","locations":[{"start":{"line":8,"column":37},"end":{"line":8,"column":82}},{"start":{"line":8,"column":85},"end":{"line":8,"column":89}}],"line":8},"2":{"loc":{"start":{"line":11,"column":13},"end":{"line":11,"column":56}},"type":"binary-expr","locations":[{"start":{"line":11,"column":13},"end":{"line":11,"column":27}},{"start":{"line":11,"column":31},"end":{"line":11,"column":43}},{"start":{"line":11,"column":47},"end":{"line":11,"column":56}}],"line":11},"3":{"loc":{"start":{"line":13,"column":6},"end":{"line":17,"column":7}},"type":"if","locations":[{"start":{"line":13,"column":6},"end":{"line":17,"column":7}},{"start":{"line":13,"column":6},"end":{"line":17,"column":7}}],"line":13},"4":{"loc":{"start":{"line":14,"column":15},"end":{"line":14,"column":49}},"type":"cond-expr","locations":[{"start":{"line":14,"column":43},"end":{"line":14,"column":44}},{"start":{"line":14,"column":47},"end":{"line":14,"column":49}}],"line":14},"5":{"loc":{"start":{"line":15,"column":13},"end":{"line":17,"column":7}},"type":"if","locations":[{"start":{"line":15,"column":13},"end":{"line":17,"column":7}},{"start":{"line":15,"column":13},"end":{"line":17,"column":7}}],"line":15},"6":{"loc":{"start":{"line":16,"column":15},"end":{"line":16,"column":43}},"type":"cond-expr","locations":[{"start":{"line":16,"column":37},"end":{"line":16,"column":38}},{"start":{"line":16,"column":41},"end":{"line":16,"column":43}}],"line":16}},"s":{"0":5,"1":15,"2":15,"3":15,"4":15,"5":15,"6":9,"7":6,"8":3,"9":3},"f":{"0":5,"1":15,"2":9},"b":{"0":[3,12],"1":[3,12],"2":[15,14,13],"3":[6,3],"4":[4,2],"5":[3,0],"6":[2,1]},"_coverageSchema":"332fd63041d2c1bcb487cc26dd0d5f7d97098a6c","hash":"7bb262596b20580e1ac6bdbb8efa06e216696642"}
,"D:\\github\\expensive-app\\src\\selectors\\expenses-total.js": {"path":"D:\\github\\expensive-app\\src\\selectors\\expenses-total.js","statementMap":{"0":{"start":{"line":2,"column":16},"end":{"line":3,"column":41}},"1":{"start":{"line":2,"column":42},"end":{"line":2,"column":56}},"2":{"start":{"line":3,"column":28},"end":{"line":3,"column":37}},"3":{"start":{"line":4,"column":4},"end":{"line":4,"column":16}}},"fnMap":{"0":{"name":"(anonymous_0)","decl":{"start":{"line":1,"column":15},"end":{"line":1,"column":16}},"loc":{"start":{"line":1,"column":29},"end":{"line":5,"column":1}},"line":1},"1":{"name":"(anonymous_1)","decl":{"start":{"line":2,"column":29},"end":{"line":2,"column":30}},"loc":{"start":{"line":2,"column":42},"end":{"line":2,"column":56}},"line":2},"2":{"name":"(anonymous_2)","decl":{"start":{"line":3,"column":12},"end":{"line":3,"column":13}},"loc":{"start":{"line":3,"column":28},"end":{"line":3,"column":37}},"line":3}},"branchMap":{},"s":{"0":5,"1":7,"2":7,"3":5},"f":{"0":5,"1":7,"2":7},"b":{},"_coverageSchema":"332fd63041d2c1bcb487cc26dd0d5f7d97098a6c","hash":"f45918ebf70801fc329f2898c4cc5a55472b7aa0"}
,"D:\\github\\expensive-app\\src\\tests\\setupTests.js": {"path":"D:\\github\\expensive-app\\src\\tests\\setupTests.js","statementMap":{"0":{"start":{"line":3,"column":0},"end":{"line":3,"column":48}},"1":{"start":{"line":5,"column":0},"end":{"line":7,"column":3}}},"fnMap":{},"branchMap":{},"s":{"0":19,"1":19},"f":{},"b":{},"_coverageSchema":"332fd63041d2c1bcb487cc26dd0d5f7d97098a6c","hash":"20bddd3665981fc2a8e91cb779f343f211046ef0"}
,"D:\\github\\expensive-app\\src\\tests\\fixtures\\expenses.js": {"path":"D:\\github\\expensive-app\\src\\tests\\fixtures\\expenses.js","statementMap":{"0":{"start":{"line":3,"column":17},"end":{"line":21,"column":2}}},"fnMap":{},"branchMap":{},"s":{"0":8},"f":{},"b":{},"_coverageSchema":"332fd63041d2c1bcb487cc26dd0d5f7d97098a6c","hash":"e2a82d667519a32353fdbe2a1a345d200bab423f"}
,"D:\\github\\expensive-app\\src\\tests\\fixtures\\filters.js": {"path":"D:\\github\\expensive-app\\src\\tests\\fixtures\\filters.js","statementMap":{"0":{"start":{"line":3,"column":16},"end":{"line":8,"column":1}},"1":{"start":{"line":10,"column":19},"end":{"line":15,"column":1}}},"fnMap":{},"branchMap":{},"s":{"0":1,"1":1},"f":{},"b":{},"_coverageSchema":"332fd63041d2c1bcb487cc26dd0d5f7d97098a6c","hash":"60135022e7ec5621e8f998dba4da285ee787884c"}
}
